-------------------------------------------------------------------------------
Test set: com.dh.catalog.ApiCatalogApplicationTests
-------------------------------------------------------------------------------
Tests run: 1, Failures: 0, Errors: 1, Skipped: 0, Time elapsed: 1.028 s <<< FAILURE! - in com.dh.catalog.ApiCatalogApplicationTests
contextLoads  Time elapsed: 0.006 s  <<< ERROR!
java.lang.IllegalStateException: Failed to load ApplicationContext
Caused by: org.springframework.cloud.commons.ConfigDataMissingEnvironmentPostProcessor$ImportException: No spring.config.import set

